<?xml version="1.0" encoding="UTF-8"?>
<!-- Generated by org.testng.reporters.JUnitXMLReporter -->
<testsuite hostname="JCPSI1439" name="Default test" tests="19" failures="0" timestamp="11 Oct 2018 09:08:04 GMT" time="50.218" errors="0">
  <testcase name="GetLotbyLotid" time="3.799" classname="com.jcp.app.CreateshippingdataTest"/>
  <testcase name="UpdateServicelevel" time="1.53" classname="com.jcp.app.CreateshippingdataTest"/>
  <testcase name="CreateValueRatetable" time="2.689" classname="com.jcp.app.CreateshippingdataTest"/>
  <testcase name="CreateValueRatetable" time="2.625" classname="com.jcp.app.CreateshippingdataTest"/>
  <testcase name="CreateValueRatetable" time="2.631" classname="com.jcp.app.CreateshippingdataTest"/>
  <testcase name="CreateValueRatetable" time="2.618" classname="com.jcp.app.CreateshippingdataTest"/>
  <testcase name="CreateValueRatetable" time="2.632" classname="com.jcp.app.CreateshippingdataTest"/>
  <testcase name="CreateValueRatetable" time="2.639" classname="com.jcp.app.CreateshippingdataTest"/>
  <testcase name="CreateValueRatetable" time="2.639" classname="com.jcp.app.CreateshippingdataTest"/>
  <testcase name="CreateValueRatetable" time="2.678" classname="com.jcp.app.CreateshippingdataTest"/>
  <testcase name="CreateValueRatetable" time="2.62" classname="com.jcp.app.CreateshippingdataTest"/>
  <testcase name="CreateValueRatetable" time="2.646" classname="com.jcp.app.CreateshippingdataTest"/>
  <testcase name="CreateValueRatetable" time="2.673" classname="com.jcp.app.CreateshippingdataTest"/>
  <testcase name="CreateValueRatetable" time="2.627" classname="com.jcp.app.CreateshippingdataTest"/>
  <testcase name="CreateValueRatetable" time="2.647" classname="com.jcp.app.CreateshippingdataTest"/>
  <testcase name="CreateWeightRatetable" time="2.609" classname="com.jcp.app.CreateshippingdataTest"/>
  <testcase name="CreateWeightRatetable" time="2.598" classname="com.jcp.app.CreateshippingdataTest"/>
  <testcase name="CreateWeightRatetable" time="2.62" classname="com.jcp.app.CreateshippingdataTest"/>
  <testcase name="CreateWeightRatetable" time="2.661" classname="com.jcp.app.CreateshippingdataTest"/>
</testsuite> <!-- Default test -->
