<?xml version="1.0" encoding="UTF-8"?>
<testng-results skipped="0" failed="0" total="1" passed="1">
  <reporter-output>
  </reporter-output>
  <suite name="Suite" duration-ms="3804" started-at="2019-04-11T05:54:53Z" finished-at="2019-04-11T05:54:57Z">
    <groups>
    </groups>
    <test name="Test" duration-ms="3804" started-at="2019-04-11T05:54:53Z" finished-at="2019-04-11T05:54:57Z">
      <class name="com.jcp.app.CreateshippingdataTest">
        <test-method status="PASS" signature="getdata()[pri:0, instance:com.jcp.app.CreateshippingdataTest@5be6e01c]" name="getdata" is-config="true" duration-ms="8" started-at="2019-04-11T00:54:53Z" finished-at="2019-04-11T00:54:53Z">
          <reporter-output>
          </reporter-output>
        </test-method> <!-- getdata -->
        <test-method status="PASS" signature="GetLotbyLotid()[pri:0, instance:com.jcp.app.CreateshippingdataTest@5be6e01c]" name="GetLotbyLotid" duration-ms="3786" started-at="2019-04-11T00:54:53Z" finished-at="2019-04-11T00:54:57Z">
          <reporter-output>
          </reporter-output>
        </test-method> <!-- GetLotbyLotid -->
      </class> <!-- com.jcp.app.CreateshippingdataTest -->
    </test> <!-- Test -->
  </suite> <!-- Suite -->
</testng-results>
